--- Log Reset Thu Jan 22 10:39:04 2026 ---
2026-01-22 10:39:07 [TopStep] [INFO] Validating TopStepX Connection to https://api.topstepx.com...
2026-01-22 10:39:07 [TopStep] [WARNING] TopStepX Validation Warning: Test endpoint not found (404). API Key may be valid, but check Base URL.
2026-01-22 10:39:07 [MT5_Bridge] [INFO] TopStep Eval Mode: ENABLED (1 Mini)
--- Logging error ---
Traceback (most recent call last):
  File "C:\Python314\Lib\logging\__init__.py", line 1154, in emit
    stream.write(msg + self.terminator)
    ~~~~~~~~~~~~^^^^^^^^^^^^^^^^^^^^^^^
  File "C:\Users\User\AppData\Roaming\Python\Python314\site-packages\colorama\ansitowin32.py", line 47, in write
    self.__convertor.write(text)
    ~~~~~~~~~~~~~~~~~~~~~~^^^^^^
  File "C:\Users\User\AppData\Roaming\Python\Python314\site-packages\colorama\ansitowin32.py", line 177, in write
    self.write_and_convert(text)
    ~~~~~~~~~~~~~~~~~~~~~~^^^^^^
  File "C:\Users\User\AppData\Roaming\Python\Python314\site-packages\colorama\ansitowin32.py", line 205, in write_and_convert
    self.write_plain_text(text, cursor, len(text))
    ~~~~~~~~~~~~~~~~~~~~~^^^^^^^^^^^^^^^^^^^^^^^^^
  File "C:\Users\User\AppData\Roaming\Python\Python314\site-packages\colorama\ansitowin32.py", line 210, in write_plain_text
    self.wrapped.write(text[start:end])
    ~~~~~~~~~~~~~~~~~~^^^^^^^^^^^^^^^^^
  File "C:\Python314\Lib\encodings\cp1252.py", line 19, in encode
    return codecs.charmap_encode(input,self.errors,encoding_table)[0]
           ~~~~~~~~~~~~~~~~~~~~~^^^^^^^^^^^^^^^^^^^^^^^^^^^^^^^^^^
UnicodeEncodeError: 'charmap' codec can't encode character '\u2705' in position 40: character maps to <undefined>
Call stack:
  File "C:\Users\User\Documents\AI\Unified_Bridge\src\mt5\bridge.py", line 534, in <module>
    if not initialize_mt5():
  File "C:\Users\User\Documents\AI\Unified_Bridge\src\mt5\bridge.py", line 90, in initialize_mt5
    logger.info(f"\u2705 Connected to MT5: {MT5_CONF['server']}")
Message: '\u2705 Connected to MT5: Darwinex-Live'
Arguments: ()
--- Logging error ---
Traceback (most recent call last):
  File "C:\Python314\Lib\logging\__init__.py", line 1154, in emit
    stream.write(msg + self.terminator)
    ~~~~~~~~~~~~^^^^^^^^^^^^^^^^^^^^^^^
  File "C:\Users\User\AppData\Roaming\Python\Python314\site-packages\colorama\ansitowin32.py", line 47, in write
    self.__convertor.write(text)
    ~~~~~~~~~~~~~~~~~~~~~~^^^^^^
  File "C:\Users\User\AppData\Roaming\Python\Python314\site-packages\colorama\ansitowin32.py", line 177, in write
    self.write_and_convert(text)
    ~~~~~~~~~~~~~~~~~~~~~~^^^^^^
  File "C:\Users\User\AppData\Roaming\Python\Python314\site-packages\colorama\ansitowin32.py", line 205, in write_and_convert
    self.write_plain_text(text, cursor, len(text))
    ~~~~~~~~~~~~~~~~~~~~~^^^^^^^^^^^^^^^^^^^^^^^^^
  File "C:\Users\User\AppData\Roaming\Python\Python314\site-packages\colorama\ansitowin32.py", line 210, in write_plain_text
    self.wrapped.write(text[start:end])
    ~~~~~~~~~~~~~~~~~~^^^^^^^^^^^^^^^^^
  File "C:\Python314\Lib\encodings\cp1252.py", line 19, in encode
    return codecs.charmap_encode(input,self.errors,encoding_table)[0]
           ~~~~~~~~~~~~~~~~~~~~~^^^^^^^^^^^^^^^^^^^^^^^^^^^^^^^^^^
UnicodeEncodeError: 'charmap' codec can't encode character '\u2705' in position 40: character maps to <undefined>
Call stack:
  File "C:\Users\User\Documents\AI\Unified_Bridge\src\mt5\bridge.py", line 534, in <module>
    if not initialize_mt5():
  File "C:\Users\User\Documents\AI\Unified_Bridge\src\mt5\bridge.py", line 92, in initialize_mt5
    logger.info(f"\u2705 Connected to MT5: {MT5_CONF['server']}")
Message: '\u2705 Connected to MT5: Darwinex-Live'
Arguments: ()
2026-01-22 10:39:07 [MT5_Bridge] [WARNING] Failed to cache NQ
2026-01-22 10:39:07 [MT5_Bridge] [WARNING] Failed to cache MNQ
2026-01-22 10:39:07 [MT5_Bridge] [WARNING] Failed to cache ES
2026-01-22 10:39:07 [MT5_Bridge] [WARNING] Failed to cache MES
2026-01-22 10:39:07 [MT5_Bridge] [INFO] Cached Info for NQ_H: Point=0.01
2026-01-22 10:39:07 [MT5_Bridge] [INFO] Cached Info for ES_H: Point=0.01
2026-01-22 10:39:07 [MT5_Bridge] [INFO] Starting MT5 Bridge on 5000 (Waitress Production Server)
^C