--- Log Reset Sun Jan 18 13:31:10 2026 ---
2026-01-18 13:31:11,596 [INFO] Launching MT5...
2026-01-18 13:31:21,601 [INFO] Starting IBKR_Bridge...
2026-01-18 13:31:21,608 [INFO] STARTED IBKR_Bridge (PID: 11544)
2026-01-18 13:31:21,608 [INFO] Starting MT5_Bridge...
2026-01-18 13:31:21,614 [INFO] STARTED MT5_Bridge (PID: 2624)
2026-01-18 13:31:21,615 [INFO] Starting IBKR_Tunnel on port 5001 (subdomain: bostonrobbie-ibkr)...
2026-01-18 13:31:21,615 [INFO] Starting IBKR_Tunnel...
2026-01-18 13:31:21,622 [INFO] STARTED IBKR_Tunnel (PID: 11556)
2026-01-18 13:31:21,622 [INFO] Starting IBKR_Backup (Serveo) on port 5001...
2026-01-18 13:31:21,623 [INFO] Starting IBKR_Backup...
2026-01-18 13:31:21,630 [INFO] STARTED IBKR_Backup (PID: 4900)
2026-01-18 13:31:21,631 [INFO] Starting MT5_Tunnel on port 5000 (subdomain: major-cups-pick)...
2026-01-18 13:31:21,631 [INFO] Starting MT5_Tunnel...
2026-01-18 13:31:21,638 [INFO] STARTED MT5_Tunnel (PID: 5236)
2026-01-18 13:31:21,639 [INFO] Starting MT5_Backup (Serveo) on port 5000...
2026-01-18 13:31:21,639 [INFO] Starting MT5_Backup...
2026-01-18 13:31:21,648 [INFO] STARTED MT5_Backup (PID: 19492)
2026-01-18 13:31:21,648 [INFO] Starting Dashboard...
2026-01-18 13:31:21,658 [INFO] STARTED Dashboard (PID: 17256)
2026-01-18 13:32:25,166 [INFO] Launching TWS...
2026-01-18 13:33:29,133 [INFO] Launching TWS...
2026-01-18 13:34:33,009 [INFO] Launching TWS...
2026-01-18 13:34:33,013 [INFO] Launching MT5...
2026-01-18 13:35:36,876 [INFO] Launching TWS...
2026-01-18 13:35:36,880 [INFO] Launching MT5...
2026-01-18 13:36:40,647 [INFO] Launching TWS...
2026-01-18 13:36:40,651 [INFO] Launching MT5...
